Start Training
Warning: No valid output stream.
/home/shouki/Desktop/Programming/Python/AI/Competitions/ISSM/NormalRelu/source/train_util.py:48: UserWarning: To copy construct from a tensor, it is recommended to use sourceTensor.clone().detach() or sourceTensor.clone().detach().requires_grad_(True), rather than torch.tensor(sourceTensor).
  inputs = torch.tensor(x_test[i * batch_size : (i + 1) * batch_size], device=device, dtype=torch.float32)
/home/shouki/Desktop/Programming/Python/AI/Competitions/ISSM/NormalRelu/source/train_util.py:49: UserWarning: To copy construct from a tensor, it is recommended to use sourceTensor.clone().detach() or sourceTensor.clone().detach().requires_grad_(True), rather than torch.tensor(sourceTensor).
  labels = torch.tensor(y_test[i * batch_size : (i + 1) * batch_size], device=device, dtype=torch.long)
Epoch: 1 Loss: 15.538
Accuracy of the network on the 600 test images: 62 %
Warning: No valid output stream.
/home/shouki/Desktop/Programming/Python/AI/Competitions/ISSM/NormalRelu/source/train_util.py:42: UserWarning: To copy construct from a tensor, it is recommended to use sourceTensor.clone().detach() or sourceTensor.clone().detach().requires_grad_(True), rather than torch.tensor(sourceTensor).
  x_test = torch.tensor(x_test[:(y_test.shape[0] // batch_size * batch_size)], device=device, dtype=torch.float32)
/home/shouki/Desktop/Programming/Python/AI/Competitions/ISSM/NormalRelu/source/train_util.py:43: UserWarning: To copy construct from a tensor, it is recommended to use sourceTensor.clone().detach() or sourceTensor.clone().detach().requires_grad_(True), rather than torch.tensor(sourceTensor).
  y_test = torch.tensor(y_test[:(y_test.shape[0] // batch_size * batch_size)], device=device, dtype=torch.float32)
Epoch: 2 Loss: 8.701
Accuracy of the network on the 600 test images: 65 %
Warning: No valid output stream.
Epoch: 3 Loss: 6.213
Accuracy of the network on the 600 test images: 68 %
Warning: No valid output stream.
Epoch: 4 Loss: 4.218
Accuracy of the network on the 600 test images: 71 %
Warning: No valid output stream.
Epoch: 5 Loss: 2.867
Accuracy of the network on the 600 test images: 71 %
Warning: No valid output stream.
Epoch: 6 Loss: 2.248
Accuracy of the network on the 600 test images: 68 %
Warning: No valid output stream.
Epoch: 7 Loss: 1.821
Accuracy of the network on the 600 test images: 68 %
Warning: No valid output stream.
Epoch: 8 Loss: 1.387
Accuracy of the network on the 600 test images: 70 %
Warning: No valid output stream.
Epoch: 9 Loss: 1.189
Accuracy of the network on the 600 test images: 71 %
Warning: No valid output stream.
Epoch: 10 Loss: 1.120
Accuracy of the network on the 600 test images: 70 %
Warning: No valid output stream.
Epoch: 11 Loss: 0.738
Accuracy of the network on the 600 test images: 72 %
Warning: No valid output stream.
Epoch: 12 Loss: 0.805
Accuracy of the network on the 600 test images: 71 %
Warning: No valid output stream.
Epoch: 13 Loss: 0.555
Accuracy of the network on the 600 test images: 71 %
Warning: No valid output stream.
Epoch: 14 Loss: 0.401
Accuracy of the network on the 600 test images: 69 %
Warning: No valid output stream.
Epoch: 15 Loss: 0.548
Accuracy of the network on the 600 test images: 73 %
Warning: No valid output stream.
